<?xml version="1.0" encoding="UTF-8"?>
<testng-results ignored="0" total="1" passed="1" failed="0" skipped="0">
  <reporter-output>
  </reporter-output>
  <suite started-at="2026-09-24T11:40:08 IST" name="Default suite" finished-at="2026-09-24T11:40:37 IST" duration-ms="28322">
    <groups>
    </groups>
    <test started-at="2026-09-24T11:40:08 IST" name="Default test" finished-at="2026-09-24T11:40:37 IST" duration-ms="28322">
      <class name="Project_Groww.Scroll_Up_Script_1">
        <test-method is-config="true" signature="OpenBrowser()[pri:0, instance:Project_Groww.Scroll_Up_Script_1@5542c4ed]" started-at="2026-09-24T11:40:08 IST" name="OpenBrowser" finished-at="2026-09-24T11:40:15 IST" duration-ms="6317" status="PASS">
          <reporter-output>
          </reporter-output>
        </test-method> <!-- OpenBrowser -->
        <test-method is-config="true" signature="Login_Module()[pri:0, instance:Project_Groww.Scroll_Up_Script_1@5542c4ed]" started-at="2026-09-24T11:40:15 IST" name="Login_Module" finished-at="2026-09-24T11:40:31 IST" duration-ms="16674" status="PASS">
          <reporter-output>
          </reporter-output>
        </test-method> <!-- Login_Module -->
        <test-method signature="Scroll_Up_Using_Arrow_Button()[pri:0, instance:Project_Groww.Scroll_Up_Script_1@5542c4ed]" started-at="2026-09-24T11:40:31 IST" name="Scroll_Up_Using_Arrow_Button" finished-at="2026-09-24T11:40:32 IST" duration-ms="796" status="PASS">
          <reporter-output>
          </reporter-output>
        </test-method> <!-- Scroll_Up_Using_Arrow_Button -->
        <test-method is-config="true" signature="Logout_module()[pri:0, instance:Project_Groww.Scroll_Up_Script_1@5542c4ed]" started-at="2026-09-24T11:40:32 IST" name="Logout_module" finished-at="2026-09-24T11:40:36 IST" duration-ms="3526" status="PASS">
          <reporter-output>
          </reporter-output>
        </test-method> <!-- Logout_module -->
        <test-method is-config="true" signature="CloseBrowser()[pri:0, instance:Project_Groww.Scroll_Up_Script_1@5542c4ed]" started-at="2026-09-24T11:40:36 IST" name="CloseBrowser" finished-at="2026-09-24T11:40:37 IST" duration-ms="932" status="PASS">
          <reporter-output>
          </reporter-output>
        </test-method> <!-- CloseBrowser -->
      </class> <!-- Project_Groww.Scroll_Up_Script_1 -->
    </test> <!-- Default test -->
  </suite> <!-- Default suite -->
</testng-results>
